<?xml version="1.0" encoding="UTF-8"?>
<!-- Generated by org.testng.reporters.JUnitXMLReporter -->
<testsuite hostname="MCComputer" ignored="0" name="Run with Chrome browser" tests="2" failures="1" timestamp="19 Nov 2020 18:00:11 GMT" time="41.42" errors="0">
  <testcase name="verifyInfoRegistrationDisplayed" time="12.427" classname="com.vnt.DemoMavenProject01.myTest.LoginTest"/>
  <testcase name="doLogin" time="20.414" classname="com.vnt.DemoMavenProject01.myTest.LoginTest">
    <failure type="java.lang.NullPointerException">
      <![CDATA[java.lang.NullPointerException
at com.vnt.DemoMavenProject01.myPages.RegisterPage.gotoBankProject(RegisterPage.java:87)
at com.vnt.DemoMavenProject01.myTest.LoginTest.doLogin(LoginTest.java:29)
at java.util.concurrent.ThreadPoolExecutor.runWorker(Unknown Source)
at java.util.concurrent.ThreadPoolExecutor$Worker.run(Unknown Source)
at java.lang.Thread.run(Unknown Source)
... Removed 10 stack frames]]>
    </failure>
  </testcase> <!-- doLogin -->
</testsuite> <!-- Run with Chrome browser -->
