<?xml version="1.0" encoding="UTF-8"?>
<testng-results skipped="0" failed="0" ignored="0" total="1" passed="1">
  <reporter-output>
  </reporter-output>
  <suite name="Default suite" duration-ms="24867" started-at="2020-11-26T09:49:08Z" finished-at="2020-11-26T09:49:33Z">
    <groups>
    </groups>
    <test name="Default test" duration-ms="24867" started-at="2020-11-26T09:49:08Z" finished-at="2020-11-26T09:49:33Z">
      <class name="com.test.Test99GuruLogin">
        <test-method status="PASS" signature="setup()[pri:0, instance:com.test.Test99GuruLogin@b62fe6d]" name="setup" is-config="true" duration-ms="12007" started-at="2020-11-26T09:49:08Z" finished-at="2020-11-26T09:49:20Z">
          <reporter-output>
          </reporter-output>
        </test-method> <!-- setup -->
        <test-method status="PASS" signature="test_Home_Page_Appear_Correct()[pri:0, instance:com.test.Test99GuruLogin@b62fe6d]" name="test_Home_Page_Appear_Correct" duration-ms="12813" started-at="2020-11-26T09:49:20Z" finished-at="2020-11-26T09:49:33Z">
          <reporter-output>
          </reporter-output>
        </test-method> <!-- test_Home_Page_Appear_Correct -->
      </class> <!-- com.test.Test99GuruLogin -->
    </test> <!-- Default test -->
  </suite> <!-- Default suite -->
</testng-results>
